<?xml version="1.0" encoding="UTF-8"?>
<!-- Generated by org.testng.reporters.JUnitReportReporter -->
<testsuite hostname="DESKTOP-TRS5BRO" failures="0" tests="3" name="org.actualPages.HomePageTest" time="24.487" errors="0" timestamp="2024-06-18T17:51:14 IST" skipped="0">
  <testcase classname="org.actualPages.HomePageTest" name="testHeadingsOfEachSection" time="8.612"/>
  <testcase classname="org.actualPages.HomePageTest" name="testPlayButtonIsDisplayed" time="8.531"/>
  <testcase classname="org.actualPages.HomePageTest" name="testContactUsSection" time="7.344"/>
</testsuite> <!-- org.actualPages.HomePageTest -->
