<?xml version="1.0" encoding="UTF-8"?>
<!-- Generated by org.testng.reporters.JUnitReportReporter -->
<testsuite hostname="DESKTOP-TRS5BRO" failures="0" tests="1" name="org.actualPages.PopularPageTest" time="10.064" errors="0" timestamp="2024-06-18T17:51:14 IST" skipped="0">
  <testcase classname="org.actualPages.PopularPageTest" name="testMoviesDisplayed" time="10.064"/>
</testsuite> <!-- org.actualPages.PopularPageTest -->
