<?xml version="1.0" encoding="UTF-8"?>
<!-- Generated by org.testng.reporters.JUnitReportReporter -->
<testsuite hostname="DESKTOP-TRS5BRO" failures="0" tests="2" name="org.actualPages.HeaderSectionTest" time="13.480" errors="0" timestamp="2024-06-18T17:51:14 IST" skipped="0">
  <testcase classname="org.actualPages.HeaderSectionTest" name="testHeaderSectionUI" time="6.217"/>
  <testcase classname="org.actualPages.HeaderSectionTest" name="testHeaderSectionFunctionalities" time="7.263"/>
</testsuite> <!-- org.actualPages.HeaderSectionTest -->
