<?xml version="1.0" encoding="UTF-8"?>
<!-- Generated by org.testng.reporters.JUnitReportReporter -->
<testsuite hostname="DESKTOP-TRS5BRO" failures="0" tests="6" name="org.actualPages.LoginPageTest" time="26.581" errors="0" timestamp="2024-06-18T17:51:14 IST" skipped="0">
  <testcase classname="org.actualPages.LoginPageTest" name="testLoginPageUI" time="3.929"/>
  <testcase classname="org.actualPages.LoginPageTest" name="testLoginWithEmptyInputs" time="6.378"/>
  <testcase classname="org.actualPages.LoginPageTest" name="testLoginWithEmptyUsername" time="4.200"/>
  <testcase classname="org.actualPages.LoginPageTest" name="testLoginWithEmptyPassword" time="3.608"/>
  <testcase classname="org.actualPages.LoginPageTest" name="testLoginWithInvalidCred" time="5.005"/>
  <testcase classname="org.actualPages.LoginPageTest" name="testLoginWithValidCred" time="3.461"/>
</testsuite> <!-- org.actualPages.LoginPageTest -->
