<?xml version="1.0" encoding="UTF-8"?>
<!-- Generated by org.testng.reporters.JUnitReportReporter -->
<testsuite hostname="DESKTOP-TRS5BRO" failures="0" tests="2" name="org.actualPages.MovieDetailsPageTest" time="16.915" errors="0" timestamp="2024-06-18T17:51:14 IST" skipped="0">
  <testcase classname="org.actualPages.MovieDetailsPageTest" name="testHomePageOneMovie" time="8.472"/>
  <testcase classname="org.actualPages.MovieDetailsPageTest" name="testPopularPageOneMovie" time="8.443"/>
</testsuite> <!-- org.actualPages.MovieDetailsPageTest -->
