<?xml version="1.0" encoding="UTF-8"?>
<!-- Generated by org.testng.reporters.JUnitReportReporter -->
<testsuite hostname="DESKTOP-TRS5BRO" failures="0" tests="2" name="org.actualPages.AccountPageTest" time="16.725" errors="0" timestamp="2024-06-18T17:51:14 IST" skipped="0">
  <testcase classname="org.actualPages.AccountPageTest" name="testAccountPageUI" time="8.115"/>
  <testcase classname="org.actualPages.AccountPageTest" name="testLogoutFunctionality" time="8.610"/>
</testsuite> <!-- org.actualPages.AccountPageTest -->
