<?xml version="1.0" encoding="UTF-8"?>
<!-- Generated by org.testng.reporters.JUnitReportReporter -->
<testsuite hostname="DESKTOP-TRS5BRO" failures="0" tests="2" name="org.actualPages.SearchPageTest" time="17.550" errors="0" timestamp="2024-06-18T17:51:14 IST" skipped="0">
  <testcase classname="org.actualPages.SearchPageTest" name="searchFunctionalityTest1" time="7.625"/>
  <testcase classname="org.actualPages.SearchPageTest" name="searchFunctionalityTest2" time="9.925"/>
</testsuite> <!-- org.actualPages.SearchPageTest -->
